  Bejeweled.cpp
C:\Users\oh200\OneDrive - Univerzita obrany\škola\IT\3. semestr\projekt\Projekt - final\Projekt - hry\Bejeweled.cpp(41,15): warning C4244: argument: time_t se převádí na unsigned int; může dojít ke ztrátě dat.
C:\Users\oh200\OneDrive - Univerzita obrany\škola\IT\3. semestr\projekt\Projekt - final\Projekt - hry\Bejeweled.cpp(287,40): warning C4244: argument: int se převádí na float; může dojít ke ztrátě dat.
C:\Users\oh200\OneDrive - Univerzita obrany\škola\IT\3. semestr\projekt\Projekt - final\Projekt - hry\Bejeweled.cpp(287,35): warning C4244: argument: int se převádí na float; může dojít ke ztrátě dat.
C:\Users\oh200\OneDrive - Univerzita obrany\škola\IT\3. semestr\projekt\Projekt - final\Projekt - hry\Bejeweled.cpp(288,51): warning C4244: argument: int se převádí na float; může dojít ke ztrátě dat.
C:\Users\oh200\OneDrive - Univerzita obrany\škola\IT\3. semestr\projekt\Projekt - final\Projekt - hry\Bejeweled.cpp(288,36): warning C4244: argument: int se převádí na float; může dojít ke ztrátě dat.
  Minesweeper.cpp
C:\Users\oh200\OneDrive - Univerzita obrany\škola\IT\3. semestr\projekt\Projekt - final\Projekt - hry\Minesweeper.cpp(70,15): warning C4244: argument: time_t se převádí na unsigned int; může dojít ke ztrátě dat.
C:\Users\oh200\OneDrive - Univerzita obrany\škola\IT\3. semestr\projekt\Projekt - final\Projekt - hry\Minesweeper.cpp(160,25): warning C4244: inicializování: float se převádí na int; může dojít ke ztrátě dat.
C:\Users\oh200\OneDrive - Univerzita obrany\škola\IT\3. semestr\projekt\Projekt - final\Projekt - hry\Minesweeper.cpp(184,40): warning C4244: argument: int se převádí na float; může dojít ke ztrátě dat.
C:\Users\oh200\OneDrive - Univerzita obrany\škola\IT\3. semestr\projekt\Projekt - final\Projekt - hry\Minesweeper.cpp(184,33): warning C4244: argument: int se převádí na float; může dojít ke ztrátě dat.
  Projekt - hry.cpp
  Tetris.cpp
C:\Users\oh200\OneDrive - Univerzita obrany\škola\IT\3. semestr\projekt\Projekt - final\Projekt - hry\Tetris.cpp(45,15): warning C4244: argument: time_t se převádí na unsigned int; může dojít ke ztrátě dat.
C:\Users\oh200\OneDrive - Univerzita obrany\škola\IT\3. semestr\projekt\Projekt - final\Projekt - hry\Tetris.cpp(61,28): warning C4305: inicializování: zkrácení z: double na: float
C:\Users\oh200\OneDrive - Univerzita obrany\škola\IT\3. semestr\projekt\Projekt - final\Projekt - hry\Tetris.cpp(129,21): warning C4305: =: zkrácení z: double na: float
C:\Users\oh200\OneDrive - Univerzita obrany\škola\IT\3. semestr\projekt\Projekt - final\Projekt - hry\Tetris.cpp(199,37): warning C4305: =: zkrácení z: double na: float
C:\Users\oh200\OneDrive - Univerzita obrany\škola\IT\3. semestr\projekt\Projekt - final\Projekt - hry\Tetris.cpp(210,41): warning C4244: argument: int se převádí na float; může dojít ke ztrátě dat.
C:\Users\oh200\OneDrive - Univerzita obrany\škola\IT\3. semestr\projekt\Projekt - final\Projekt - hry\Tetris.cpp(210,33): warning C4244: argument: int se převádí na float; může dojít ke ztrátě dat.
C:\Users\oh200\OneDrive - Univerzita obrany\škola\IT\3. semestr\projekt\Projekt - final\Projekt - hry\Tetris.cpp(219,47): warning C4244: argument: int se převádí na float; může dojít ke ztrátě dat.
C:\Users\oh200\OneDrive - Univerzita obrany\škola\IT\3. semestr\projekt\Projekt - final\Projekt - hry\Tetris.cpp(219,34): warning C4244: argument: int se převádí na float; může dojít ke ztrátě dat.
  Generování kódu...
  Projekt - hry.vcxproj -> C:\Users\oh200\OneDrive - Univerzita obrany\škola\IT\3. semestr\projekt\Projekt - final\x64\Debug\Projekt - hry.exe
